RFAH
0 seqs removed for containing more than 99% gaps, 6799 remaining
eps	n_clusters	n_not_clustered
3.00	1	1700
3.50	3	1694
4.00	3	1694
4.50	4	1691
5.00	3	1694
5.50	5	1687
6.00	13	1658
6.50	19	1630
7.00	26	1598
7.50	25	1570
8.00	36	1504
8.50	46	1429
9.00	51	1319
9.50	57	1264
10.00	69	1158
10.50	60	1028
11.00	78	888
11.50	79	713
12.00	73	526
12.50	59	354
13.00	32	181
13.50	8	87
14.00	2	20
14.50	2	3
15.00	1	0
Selected eps=11.50
6799 total seqs
250 clusters, 1445 of 6799 not clustered (0.21)
avg identity to query of unclustered: 0.29
avg identity to query of clustered: 0.29
wrote clustering data to msas/RFAH_clustering_assignments.tsv
wrote cluster metadata to msas/RFAH_cluster_metadata.tsv
