1K0N
1109 seqs removed for containing more than 25% gaps, 2153 remaining
eps	n_clusters	n_not_clustered
3.00	1	538
eps	n_clusters	n_not_clustered
3.50	1	538
eps	n_clusters	n_not_clustered
4.00	1	538
eps	n_clusters	n_not_clustered
4.50	3	532
eps	n_clusters	n_not_clustered
5.00	5	525
eps	n_clusters	n_not_clustered
5.50	9	506
eps	n_clusters	n_not_clustered
6.00	13	488
eps	n_clusters	n_not_clustered
6.50	19	464
eps	n_clusters	n_not_clustered
7.00	28	387
eps	n_clusters	n_not_clustered
7.50	27	362
eps	n_clusters	n_not_clustered
8.00	26	313
eps	n_clusters	n_not_clustered
8.50	27	278
eps	n_clusters	n_not_clustered
9.00	31	259
eps	n_clusters	n_not_clustered
9.50	27	215
eps	n_clusters	n_not_clustered
10.00	20	171
eps	n_clusters	n_not_clustered
10.50	20	133
eps	n_clusters	n_not_clustered
11.00	18	117
eps	n_clusters	n_not_clustered
11.50	19	101
eps	n_clusters	n_not_clustered
12.00	13	110
eps	n_clusters	n_not_clustered
12.50	15	85
eps	n_clusters	n_not_clustered
13.00	14	70
eps	n_clusters	n_not_clustered
13.50	16	73
eps	n_clusters	n_not_clustered
14.00	17	50
eps	n_clusters	n_not_clustered
14.50	17	44
eps	n_clusters	n_not_clustered
15.00	14	34
eps	n_clusters	n_not_clustered
15.50	9	26
eps	n_clusters	n_not_clustered
16.00	12	27
eps	n_clusters	n_not_clustered
16.50	2	18
eps	n_clusters	n_not_clustered
17.00	2	4
eps	n_clusters	n_not_clustered
17.50	2	1
eps	n_clusters	n_not_clustered
18.00	1	0
Selected eps=9.00
2153 total seqs
81 clusters, 566 of 2153 not clustered (0.26)
avg identity to query of unclustered: 0.37
avg identity to query of clustered: 0.48
wrote clustering data to msas/1K0N_clustering_assignments.tsv
wrote cluster metadata to msas/1K0N_cluster_metadata.tsv
